This is pdfTeX, Version 3.1415926-2.5-1.40.14 (MiKTeX 2.9 64-bit) (preloaded format=pdflatex 2015.6.22)  30 DEC 2015 02:00
entering extended mode
**a*exatidão*do*caos.tex
("D:\TeX Projects\exatidão do caos\a exatidão do caos.tex"
LaTeX2e <2011/06/27>
Babel <v3.8m> and hyphenation patterns for english, afrikaans, ancientgreek, ar
abic, armenian, assamese, basque, bengali, bokmal, bulgarian, catalan, coptic, 
croatian, czech, danish, dutch, esperanto, estonian, farsi, finnish, french, ga
lician, german, german-x-2013-05-26, greek, gujarati, hindi, hungarian, iceland
ic, indonesian, interlingua, irish, italian, kannada, kurmanji, latin, latvian,
 lithuanian, malayalam, marathi, mongolian, mongolianlmc, monogreek, ngerman, n
german-x-2013-05-26, nynorsk, oriya, panjabi, pinyin, polish, portuguese, roman
ian, russian, sanskrit, serbian, slovak, slovenian, spanish, swedish, swissgerm
an, tamil, telugu, turkish, turkmen, ukenglish, ukrainian, uppersorbian, usengl
ishmax, welsh, loaded.
(D:\Programs\MiKTeX\tex\latex\base\book.cls
Document Class: book 2007/10/19 v1.4h Standard LaTeX document class
(D:\Programs\MiKTeX\tex\latex\base\bk10.clo
File: bk10.clo 2007/10/19 v1.4h Standard LaTeX file (size option)
)
\c@part=\count79
\c@chapter=\count80
\c@section=\count81
\c@subsection=\count82
\c@subsubsection=\count83
\c@paragraph=\count84
\c@subparagraph=\count85
\c@figure=\count86
\c@table=\count87
\abovecaptionskip=\skip41
\belowcaptionskip=\skip42
\bibindent=\dimen102
)
(D:\Programs\MiKTeX\tex\latex\fancyhdr\fancyhdr.sty
\fancy@headwidth=\skip43
\f@ncyO@elh=\skip44
\f@ncyO@erh=\skip45
\f@ncyO@olh=\skip46
\f@ncyO@orh=\skip47
\f@ncyO@elf=\skip48
\f@ncyO@erf=\skip49
\f@ncyO@olf=\skip50
\f@ncyO@orf=\skip51
)
(D:\Programs\MiKTeX\tex\latex\poemscol\poemscol.sty
Package: poemscol 2015/6/18 v2.72 poemscol file
\titleindentamount=\dimen103
\titleindenttwoamount=\dimen104
\titleindentthreeamount=\dimen105
\volumetitleshiftamount=\dimen106
\voladditionalamount=\dimen107
\contentsindentoneamount=\dimen108
\contentsindenttwoamount=\dimen109
\contentsindentthreeamount=\dimen110
\contentsindentfouramount=\dimen111
\contentsindentfiveamount=\dimen112
\c@verselinenumber=\count88
\c@printlineindex=\count89
\c@verselinenumberscratch=\count90
\c@printlineindexscratch=\count91
\c@lineindexrepeat=\count92
\c@lemmalines=\count93
\c@lemmaend=\count94
\c@poemnumber=\count95
\c@notepageholdertitle=\count96
\c@notepageholdernote=\count97
\fulltitleholder=\toks14
\titlesofar=\toks15
\titleincrement=\toks16
\@indexfile=\write3

Writing index file a*exatidão*do*caos.idx
\headoffsetlength=\skip52
\singlepageabbrev=\toks17
\multiplepageabbrev=\toks18
\contentsentryoverrun=\skip53
\titleentryoverrun=\skip54
\versewidth=\skip55
\@memcnta=\count98
\c@cp@cntr=\count99
\pmclsideparvshift=\skip56
\pmclcontentsname=\toks19
\pmclcontentsheader=\toks20
\pmclnotesname=\toks21
\notesheadername=\toks22
\textnotescontentsname=\toks23
\emendationsname=\toks24
\emendationsheadername=\toks25
\emendationscontentsname=\toks26
\explanationsname=\toks27
\explanationsheadername=\toks28
\explanationscontentsname=\toks29
\c@margrefnumber=\count100
\margrefmarker=\toks30
\c@proselinenumber=\count101
\c@prosemodulo=\count102
\pmnoteheader=\toks31
\c@pmsentencenumber=\count103
\c@pmmodulo=\count104
\c@pmindexcount=\count105
\c@pmparagraph=\count106
\pmrangeend=\toks32
\pmclsavsk=\dimen113
\pmclsavsf=\count107
\c@rectolinecounter=\count108
\c@rectoindexscratch=\count109
\c@versolinecounter=\count110
\c@versoindexscratch=\count111
\versotitleholder=\toks33
\rectotitleholder=\toks34
\synchroflag=\toks35
\versotextnotesname=\toks36
\versotextnotesheadername=\toks37
\versotextnotescontentsname=\toks38
\rectotextnotesname=\toks39
\rectotextnotesheadername=\toks40
\rectotextnotescontentsname=\toks41
\versoemendationsname=\toks42
\versoemendationsheadername=\toks43
\versoemendationscontentsname=\toks44
\rectoemendationsname=\toks45
\rectoemendationsheadername=\toks46
\rectoemendationscontentsname=\toks47
\versoexplanationsname=\toks48
\versoexplanationsheadername=\toks49
\versoexplanationscontentsname=\toks50
\rectoexplanationsname=\toks51
\rectoexplanationsheadername=\toks52
\rectoexplanationscontentsname=\toks53
\c@prosepage=\count112
\c@versoproselinecounter=\count113
\c@rectoproselinecounter=\count114
\poemindexname=\toks54
\poemindexheadername=\toks55
\poemindexcontentsname=\toks56
\poemindexlabelname=\toks57
\epigraphquoteleftmargin=\skip57
\epigraphquoterightmargin=\skip58
) (D:\Programs\MiKTeX\tex\latex\base\inputenc.sty
Package: inputenc 2008/03/30 v1.1d Input encoding file
\inpenc@prehook=\toks58
\inpenc@posthook=\toks59

(D:\Programs\MiKTeX\tex\latex\base\utf8.def
File: utf8.def 2008/04/05 v1.1m UTF-8 support for inputenc
Now handling font encoding OML ...
... no UTF-8 mapping file for font encoding OML
Now handling font encoding T1 ...
... processing UTF-8 mapping file for font encoding T1

(D:\Programs\MiKTeX\tex\latex\base\t1enc.dfu
File: t1enc.dfu 2008/04/05 v1.1m UTF-8 support for inputenc
   defining Unicode char U+00A1 (decimal 161)
   defining Unicode char U+00A3 (decimal 163)
   defining Unicode char U+00AB (decimal 171)
   defining Unicode char U+00BB (decimal 187)
   defining Unicode char U+00BF (decimal 191)
   defining Unicode char U+00C0 (decimal 192)
   defining Unicode char U+00C1 (decimal 193)
   defining Unicode char U+00C2 (decimal 194)
   defining Unicode char U+00C3 (decimal 195)
   defining Unicode char U+00C4 (decimal 196)
   defining Unicode char U+00C5 (decimal 197)
   defining Unicode char U+00C6 (decimal 198)
   defining Unicode char U+00C7 (decimal 199)
   defining Unicode char U+00C8 (decimal 200)
   defining Unicode char U+00C9 (decimal 201)
   defining Unicode char U+00CA (decimal 202)
   defining Unicode char U+00CB (decimal 203)
   defining Unicode char U+00CC (decimal 204)
   defining Unicode char U+00CD (decimal 205)
   defining Unicode char U+00CE (decimal 206)
   defining Unicode char U+00CF (decimal 207)
   defining Unicode char U+00D0 (decimal 208)
   defining Unicode char U+00D1 (decimal 209)
   defining Unicode char U+00D2 (decimal 210)
   defining Unicode char U+00D3 (decimal 211)
   defining Unicode char U+00D4 (decimal 212)
   defining Unicode char U+00D5 (decimal 213)
   defining Unicode char U+00D6 (decimal 214)
   defining Unicode char U+00D8 (decimal 216)
   defining Unicode char U+00D9 (decimal 217)
   defining Unicode char U+00DA (decimal 218)
   defining Unicode char U+00DB (decimal 219)
   defining Unicode char U+00DC (decimal 220)
   defining Unicode char U+00DD (decimal 221)
   defining Unicode char U+00DE (decimal 222)
   defining Unicode char U+00DF (decimal 223)
   defining Unicode char U+00E0 (decimal 224)
   defining Unicode char U+00E1 (decimal 225)
   defining Unicode char U+00E2 (decimal 226)
   defining Unicode char U+00E3 (decimal 227)
   defining Unicode char U+00E4 (decimal 228)
   defining Unicode char U+00E5 (decimal 229)
   defining Unicode char U+00E6 (decimal 230)
   defining Unicode char U+00E7 (decimal 231)
   defining Unicode char U+00E8 (decimal 232)
   defining Unicode char U+00E9 (decimal 233)
   defining Unicode char U+00EA (decimal 234)
   defining Unicode char U+00EB (decimal 235)
   defining Unicode char U+00EC (decimal 236)
   defining Unicode char U+00ED (decimal 237)
   defining Unicode char U+00EE (decimal 238)
   defining Unicode char U+00EF (decimal 239)
   defining Unicode char U+00F0 (decimal 240)
   defining Unicode char U+00F1 (decimal 241)
   defining Unicode char U+00F2 (decimal 242)
   defining Unicode char U+00F3 (decimal 243)
   defining Unicode char U+00F4 (decimal 244)
   defining Unicode char U+00F5 (decimal 245)
   defining Unicode char U+00F6 (decimal 246)
   defining Unicode char U+00F8 (decimal 248)
   defining Unicode char U+00F9 (decimal 249)
   defining Unicode char U+00FA (decimal 250)
   defining Unicode char U+00FB (decimal 251)
   defining Unicode char U+00FC (decimal 252)
   defining Unicode char U+00FD (decimal 253)
   defining Unicode char U+00FE (decimal 254)
   defining Unicode char U+00FF (decimal 255)
   defining Unicode char U+0102 (decimal 258)
   defining Unicode char U+0103 (decimal 259)
   defining Unicode char U+0104 (decimal 260)
   defining Unicode char U+0105 (decimal 261)
   defining Unicode char U+0106 (decimal 262)
   defining Unicode char U+0107 (decimal 263)
   defining Unicode char U+010C (decimal 268)
   defining Unicode char U+010D (decimal 269)
   defining Unicode char U+010E (decimal 270)
   defining Unicode char U+010F (decimal 271)
   defining Unicode char U+0110 (decimal 272)
   defining Unicode char U+0111 (decimal 273)
   defining Unicode char U+0118 (decimal 280)
   defining Unicode char U+0119 (decimal 281)
   defining Unicode char U+011A (decimal 282)
   defining Unicode char U+011B (decimal 283)
   defining Unicode char U+011E (decimal 286)
   defining Unicode char U+011F (decimal 287)
   defining Unicode char U+0130 (decimal 304)
   defining Unicode char U+0131 (decimal 305)
   defining Unicode char U+0132 (decimal 306)
   defining Unicode char U+0133 (decimal 307)
   defining Unicode char U+0139 (decimal 313)
   defining Unicode char U+013A (decimal 314)
   defining Unicode char U+013D (decimal 317)
   defining Unicode char U+013E (decimal 318)
   defining Unicode char U+0141 (decimal 321)
   defining Unicode char U+0142 (decimal 322)
   defining Unicode char U+0143 (decimal 323)
   defining Unicode char U+0144 (decimal 324)
   defining Unicode char U+0147 (decimal 327)
   defining Unicode char U+0148 (decimal 328)
   defining Unicode char U+014A (decimal 330)
   defining Unicode char U+014B (decimal 331)
   defining Unicode char U+0150 (decimal 336)
   defining Unicode char U+0151 (decimal 337)
   defining Unicode char U+0152 (decimal 338)
   defining Unicode char U+0153 (decimal 339)
   defining Unicode char U+0154 (decimal 340)
   defining Unicode char U+0155 (decimal 341)
   defining Unicode char U+0158 (decimal 344)
   defining Unicode char U+0159 (decimal 345)
   defining Unicode char U+015A (decimal 346)
   defining Unicode char U+015B (decimal 347)
   defining Unicode char U+015E (decimal 350)
   defining Unicode char U+015F (decimal 351)
   defining Unicode char U+0160 (decimal 352)
   defining Unicode char U+0161 (decimal 353)
   defining Unicode char U+0162 (decimal 354)
   defining Unicode char U+0163 (decimal 355)
   defining Unicode char U+0164 (decimal 356)
   defining Unicode char U+0165 (decimal 357)
   defining Unicode char U+016E (decimal 366)
   defining Unicode char U+016F (decimal 367)
   defining Unicode char U+0170 (decimal 368)
   defining Unicode char U+0171 (decimal 369)
   defining Unicode char U+0178 (decimal 376)
   defining Unicode char U+0179 (decimal 377)
   defining Unicode char U+017A (decimal 378)
   defining Unicode char U+017B (decimal 379)
   defining Unicode char U+017C (decimal 380)
   defining Unicode char U+017D (decimal 381)
   defining Unicode char U+017E (decimal 382)
   defining Unicode char U+200C (decimal 8204)
   defining Unicode char U+2013 (decimal 8211)
   defining Unicode char U+2014 (decimal 8212)
   defining Unicode char U+2018 (decimal 8216)
   defining Unicode char U+2019 (decimal 8217)
   defining Unicode char U+201A (decimal 8218)
   defining Unicode char U+201C (decimal 8220)
   defining Unicode char U+201D (decimal 8221)
   defining Unicode char U+201E (decimal 8222)
   defining Unicode char U+2030 (decimal 8240)
   defining Unicode char U+2031 (decimal 8241)
   defining Unicode char U+2039 (decimal 8249)
   defining Unicode char U+203A (decimal 8250)
   defining Unicode char U+2423 (decimal 9251)
)
Now handling font encoding OT1 ...
... processing UTF-8 mapping file for font encoding OT1

(D:\Programs\MiKTeX\tex\latex\base\ot1enc.dfu
File: ot1enc.dfu 2008/04/05 v1.1m UTF-8 support for inputenc
   defining Unicode char U+00A1 (decimal 161)
   defining Unicode char U+00A3 (decimal 163)
   defining Unicode char U+00B8 (decimal 184)
   defining Unicode char U+00BF (decimal 191)
   defining Unicode char U+00C5 (decimal 197)
   defining Unicode char U+00C6 (decimal 198)
   defining Unicode char U+00D8 (decimal 216)
   defining Unicode char U+00DF (decimal 223)
   defining Unicode char U+00E6 (decimal 230)
   defining Unicode char U+00EC (decimal 236)
   defining Unicode char U+00ED (decimal 237)
   defining Unicode char U+00EE (decimal 238)
   defining Unicode char U+00EF (decimal 239)
   defining Unicode char U+00F8 (decimal 248)
   defining Unicode char U+0131 (decimal 305)
   defining Unicode char U+0141 (decimal 321)
   defining Unicode char U+0142 (decimal 322)
   defining Unicode char U+0152 (decimal 338)
   defining Unicode char U+0153 (decimal 339)
   defining Unicode char U+2013 (decimal 8211)
   defining Unicode char U+2014 (decimal 8212)
   defining Unicode char U+2018 (decimal 8216)
   defining Unicode char U+2019 (decimal 8217)
   defining Unicode char U+201C (decimal 8220)
   defining Unicode char U+201D (decimal 8221)
)
Now handling font encoding OMS ...
... processing UTF-8 mapping file for font encoding OMS

(D:\Programs\MiKTeX\tex\latex\base\omsenc.dfu
File: omsenc.dfu 2008/04/05 v1.1m UTF-8 support for inputenc
   defining Unicode char U+00A7 (decimal 167)
   defining Unicode char U+00B6 (decimal 182)
   defining Unicode char U+00B7 (decimal 183)
   defining Unicode char U+2020 (decimal 8224)
   defining Unicode char U+2021 (decimal 8225)
   defining Unicode char U+2022 (decimal 8226)
)
Now handling font encoding OMX ...
... no UTF-8 mapping file for font encoding OMX
Now handling font encoding U ...
... no UTF-8 mapping file for font encoding U
   defining Unicode char U+00A9 (decimal 169)
   defining Unicode char U+00AA (decimal 170)
   defining Unicode char U+00AE (decimal 174)
   defining Unicode char U+00BA (decimal 186)
   defining Unicode char U+02C6 (decimal 710)
   defining Unicode char U+02DC (decimal 732)
   defining Unicode char U+200C (decimal 8204)
   defining Unicode char U+2026 (decimal 8230)
   defining Unicode char U+2122 (decimal 8482)
   defining Unicode char U+2423 (decimal 9251)
))
(D:\Programs\MiKTeX\tex\latex\geometry\geometry.sty
Package: geometry 2010/09/12 v5.6 Page Geometry

(D:\Programs\MiKTeX\tex\latex\graphics\keyval.sty
Package: keyval 1999/03/16 v1.13 key=value parser (DPC)
\KV@toks@=\toks60
)
(D:\Programs\MiKTeX\tex\generic\oberdiek\ifpdf.sty
Package: ifpdf 2011/01/30 v2.3 Provides the ifpdf switch (HO)
Package ifpdf Info: pdfTeX in PDF mode is detected.
)
(D:\Programs\MiKTeX\tex\generic\oberdiek\ifvtex.sty
Package: ifvtex 2010/03/01 v1.5 Detect VTeX and its facilities (HO)
Package ifvtex Info: VTeX not detected.
)
(D:\Programs\MiKTeX\tex\generic\ifxetex\ifxetex.sty
Package: ifxetex 2010/09/12 v0.6 Provides ifxetex conditional
)
\Gm@cnth=\count115
\Gm@cntv=\count116
\c@Gm@tempcnt=\count117
\Gm@bindingoffset=\dimen114
\Gm@wd@mp=\dimen115
\Gm@odd@mp=\dimen116
\Gm@even@mp=\dimen117
\Gm@layoutwidth=\dimen118
\Gm@layoutheight=\dimen119
\Gm@layouthoffset=\dimen120
\Gm@layoutvoffset=\dimen121
\Gm@dimlist=\toks61

(D:\Programs\MiKTeX\tex\latex\geometry\geometry.cfg))
(D:\Programs\MiKTeX\tex\generic\babel\babel.sty
Package: babel 2008/07/08 v3.8m The Babel package

*************************************
* Local config file bblopts.cfg used
*
(D:\Programs\MiKTeX\tex\latex\00miktex\bblopts.cfg
File: bblopts.cfg 2006/07/31 v1.0 MiKTeX 'babel' configuration
)
(D:\Programs\MiKTeX\tex\generic\babel\portuges.ldf
Language: portuges 2008/03/18 v1.2q Portuguese support from the babel system

(D:\Programs\MiKTeX\tex\generic\babel\babel.def
File: babel.def 2008/07/08 v3.8m Babel common definitions
\babel@savecnt=\count118
\U@D=\dimen122
)
\l@brazilian = a dialect from \language\l@portuges 
Package babel Info: Making " an active character on input line 145.
))

LaTeX Warning: Unused global option(s):
    [20pt].

("D:\TeX Projects\exatidão do caos\a exatidão do caos.aux"
("D:\TeX Projects\exatidão do caos\01.aux")
("D:\TeX Projects\exatidão do caos\02.aux")
("D:\TeX Projects\exatidão do caos\03.aux")
("D:\TeX Projects\exatidão do caos\04.aux")
("D:\TeX Projects\exatidão do caos\05.aux")
("D:\TeX Projects\exatidão do caos\06.aux")
("D:\TeX Projects\exatidão do caos\07.aux")
("D:\TeX Projects\exatidão do caos\08.aux")
("D:\TeX Projects\exatidão do caos\09.aux")
("D:\TeX Projects\exatidão do caos\10.aux")
("D:\TeX Projects\exatidão do caos\11.aux")
("D:\TeX Projects\exatidão do caos\12.aux")
("D:\TeX Projects\exatidão do caos\13.aux")
("D:\TeX Projects\exatidão do caos\14.aux")
("D:\TeX Projects\exatidão do caos\15.aux")
("D:\TeX Projects\exatidão do caos\16.aux")
("D:\TeX Projects\exatidão do caos\a01.aux")
("D:\TeX Projects\exatidão do caos\a02.aux")
("D:\TeX Projects\exatidão do caos\a03.aux")
("D:\TeX Projects\exatidão do caos\a04.aux")
("D:\TeX Projects\exatidão do caos\a05.aux")
("D:\TeX Projects\exatidão do caos\a06.aux")
("D:\TeX Projects\exatidão do caos\a07.aux")
("D:\TeX Projects\exatidão do caos\a08.aux")
("D:\TeX Projects\exatidão do caos\a09.aux")
("D:\TeX Projects\exatidão do caos\a10.aux")
("D:\TeX Projects\exatidão do caos\a11.aux")
("D:\TeX Projects\exatidão do caos\a12.aux"))
LaTeX Font Info:    Checking defaults for OML/cmm/m/it on input line 12.
LaTeX Font Info:    ... okay on input line 12.
LaTeX Font Info:    Checking defaults for T1/cmr/m/n on input line 12.
LaTeX Font Info:    ... okay on input line 12.
LaTeX Font Info:    Checking defaults for OT1/cmr/m/n on input line 12.
LaTeX Font Info:    ... okay on input line 12.
LaTeX Font Info:    Checking defaults for OMS/cmsy/m/n on input line 12.
LaTeX Font Info:    ... okay on input line 12.
LaTeX Font Info:    Checking defaults for OMX/cmex/m/n on input line 12.
LaTeX Font Info:    ... okay on input line 12.
LaTeX Font Info:    Checking defaults for U/cmr/m/n on input line 12.
LaTeX Font Info:    ... okay on input line 12.

*geometry* driver: auto-detecting
*geometry* detected driver: pdftex
*geometry* verbose mode - [ preamble ] result:
* driver: pdftex
* paper: <default>
* layout: <same size as paper>
* layoutoffset:(h,v)=(0.0pt,0.0pt)
* modes: twoside 
* h-part:(L,W,R)=(108.405pt, 397.485pt, 108.405pt)
* v-part:(T,H,B)=(108.405pt, 578.15999pt, 108.405pt)
* \paperwidth=614.295pt
* \paperheight=794.96999pt
* \textwidth=397.485pt
* \textheight=578.15999pt
* \oddsidemargin=36.13501pt
* \evensidemargin=36.13501pt
* \topmargin=6.06752pt
* \headheight=12.0pt
* \headsep=18.06749pt
* \topskip=10.0pt
* \footskip=25.29494pt
* \marginparwidth=10.0pt
* \marginparsep=18.0pt
* \columnsep=15.0pt
* \skip\footins=9.0pt plus 4.0pt minus 2.0pt
* \hoffset=0.0pt
* \voffset=0.0pt
* \mag=1000
* \@twocolumnfalse
* \@twosidetrue
* \@mparswitchtrue
* \@reversemarginfalse
* (1in=72.27pt=25.4mm, 1cm=28.453pt)

LaTeX Font Info:    External font `cmex10' loaded for size
(Font)              <12> on input line 13.
LaTeX Font Info:    External font `cmex10' loaded for size
(Font)              <8> on input line 13.
LaTeX Font Info:    External font `cmex10' loaded for size
(Font)              <6> on input line 13.
[1


{C:/Users/Gabriel/AppData/Local/MiKTeX/2.9/pdftex/config/pdftex.map}]
[2] [3] [4

] ("D:\TeX Projects\exatidão do caos\01.tex") [5


]
("D:\TeX Projects\exatidão do caos\02.tex") [6



]
("D:\TeX Projects\exatidão do caos\03.tex") [7



]
("D:\TeX Projects\exatidão do caos\04.tex") [8



]
("D:\TeX Projects\exatidão do caos\05.tex") [9



]
("D:\TeX Projects\exatidão do caos\06.tex") [10



]
("D:\TeX Projects\exatidão do caos\07.tex") [11



]
("D:\TeX Projects\exatidão do caos\08.tex") [12



]
("D:\TeX Projects\exatidão do caos\09.tex") [13



]
("D:\TeX Projects\exatidão do caos\10.tex") [14



]
("D:\TeX Projects\exatidão do caos\11.tex") [15



]
("D:\TeX Projects\exatidão do caos\12.tex") [16



]
("D:\TeX Projects\exatidão do caos\13.tex") [17



]
("D:\TeX Projects\exatidão do caos\14.tex") [18



]
("D:\TeX Projects\exatidão do caos\15.tex") [19



]
("D:\TeX Projects\exatidão do caos\16.tex") [20



] [21


] [22

]
("D:\TeX Projects\exatidão do caos\a01.tex"

LaTeX Font Warning: Font shape `OT1/cmr/m/n' in size <16> not available
(Font)              size <17.28> substituted on input line 2.

) [23

] ("D:\TeX Projects\exatidão do caos\a02.tex" [24



]) [25]
("D:\TeX Projects\exatidão do caos\a03.tex" [26



])
("D:\TeX Projects\exatidão do caos\a04.tex" [27



]) [28]
("D:\TeX Projects\exatidão do caos\a05.tex" [29



]
LaTeX Font Info:    External font `cmex10' loaded for size
(Font)              <7> on input line 70.
LaTeX Font Info:    External font `cmex10' loaded for size
(Font)              <5> on input line 70.
) [30]
("D:\TeX Projects\exatidão do caos\a06.tex") [31



]
("D:\TeX Projects\exatidão do caos\a07.tex") [32



]
("D:\TeX Projects\exatidão do caos\a08.tex") [33



]
("D:\TeX Projects\exatidão do caos\a09.tex") [34



]
("D:\TeX Projects\exatidão do caos\a10.tex") [35



]
("D:\TeX Projects\exatidão do caos\a11.tex") [36



]
("D:\TeX Projects\exatidão do caos\a12.tex") [37



] [38

]
("D:\TeX Projects\exatidão do caos\a exatidão do caos.aux"
("D:\TeX Projects\exatidão do caos\01.aux")
("D:\TeX Projects\exatidão do caos\02.aux")
("D:\TeX Projects\exatidão do caos\03.aux")
("D:\TeX Projects\exatidão do caos\04.aux")
("D:\TeX Projects\exatidão do caos\05.aux")
("D:\TeX Projects\exatidão do caos\06.aux")
("D:\TeX Projects\exatidão do caos\07.aux")
("D:\TeX Projects\exatidão do caos\08.aux")
("D:\TeX Projects\exatidão do caos\09.aux")
("D:\TeX Projects\exatidão do caos\10.aux")
("D:\TeX Projects\exatidão do caos\11.aux")
("D:\TeX Projects\exatidão do caos\12.aux")
("D:\TeX Projects\exatidão do caos\13.aux")
("D:\TeX Projects\exatidão do caos\14.aux")
("D:\TeX Projects\exatidão do caos\15.aux")
("D:\TeX Projects\exatidão do caos\16.aux")
("D:\TeX Projects\exatidão do caos\a01.aux")
("D:\TeX Projects\exatidão do caos\a02.aux")
("D:\TeX Projects\exatidão do caos\a03.aux")
("D:\TeX Projects\exatidão do caos\a04.aux")
("D:\TeX Projects\exatidão do caos\a05.aux")
("D:\TeX Projects\exatidão do caos\a06.aux")
("D:\TeX Projects\exatidão do caos\a07.aux")
("D:\TeX Projects\exatidão do caos\a08.aux")
("D:\TeX Projects\exatidão do caos\a09.aux")
("D:\TeX Projects\exatidão do caos\a10.aux")
("D:\TeX Projects\exatidão do caos\a11.aux")
("D:\TeX Projects\exatidão do caos\a12.aux"))

LaTeX Font Warning: Size substitutions with differences
(Font)              up to 1.28pt have occurred.

 ) 
Here is how much of TeX's memory you used:
 2738 strings out of 493921
 44382 string characters out of 3150885
 125919 words of memory out of 3000000
 5851 multiletter control sequences out of 15000+200000
 8310 words of font info for 29 fonts, out of 3000000 for 9000
 841 hyphenation exceptions out of 8191
 28i,11n,43p,443b,372s stack positions out of 5000i,500n,10000p,200000b,50000s
<D:/Programs/MiKTeX/fonts/type1/public/amsfonts/cm/cmmi10.pfb><D:/Programs/Mi
KTeX/fonts/type1/public/amsfonts/cm/cmr10.pfb><D:/Programs/MiKTeX/fonts/type1/p
ublic/amsfonts/cm/cmr12.pfb><D:/Programs/MiKTeX/fonts/type1/public/amsfonts/cm/
cmr17.pfb><D:/Programs/MiKTeX/fonts/type1/public/amsfonts/cm/cmr9.pfb><D:/Progr
ams/MiKTeX/fonts/type1/public/amsfonts/cm/cmti10.pfb><D:/Programs/MiKTeX/fonts/
type1/public/amsfonts/cm/cmti12.pfb>
Output written on "a exatidão do caos.pdf" (38 pages, 139172 bytes).
PDF statistics:
 154 PDF objects out of 1000 (max. 8388607)
 0 named destinations out of 1000 (max. 500000)
 1 words of extra memory for PDF output out of 10000 (max. 10000000)

